SF:lib/core/utils/display_formatters.dart
DA:3,0
DA:6,2
DA:7,4
DA:8,4
DA:9,4
DA:11,1
LF:6
LH:5
end_of_record
SF:lib/core/constants/shared_prefs_keys.dart
DA:4,0
LF:1
LH:0
end_of_record
SF:lib/features/topup/data/datasources/topup_local_data_source.dart
DA:10,1
DA:12,1
DA:13,4
DA:14,2
DA:16,1
DA:20,1
DA:21,2
DA:23,1
DA:25,2
DA:26,1
DA:27,1
DA:29,1
DA:32,1
DA:33,1
DA:34,1
DA:35,1
DA:38,1
DA:39,1
DA:40,2
DA:41,4
DA:42,4
DA:43,1
DA:46,1
DA:47,1
DA:49,4
DA:50,1
DA:53,1
DA:54,2
LF:28
LH:28
end_of_record
SF:lib/features/topup/domain/entities/topup_transaction.dart
DA:11,4
DA:20,0
DA:22,1
DA:23,1
DA:24,1
DA:25,1
DA:26,1
DA:27,1
DA:28,2
DA:29,1
DA:33,1
DA:34,1
DA:35,1
DA:36,1
DA:37,2
DA:38,2
DA:39,2
DA:40,1
DA:44,2
DA:45,2
DA:46,2
DA:47,2
DA:48,2
DA:49,2
DA:50,2
DA:51,2
LF:26
LH:25
end_of_record
SF:lib/features/topup/domain/usecases/get_transactions_usecase.dart
DA:14,1
DA:17,1
DA:18,2
DA:22,1
DA:23,2
DA:27,1
DA:28,2
DA:35,1
DA:39,2
DA:41,6
DA:42,1
DA:46,1
DA:50,1
DA:52,3
DA:60,1
DA:61,2
DA:65,4
DA:66,1
DA:68,1
DA:73,1
DA:75,3
LF:21
LH:21
end_of_record
SF:lib/core/constants/app_strings.dart
DA:123,6
DA:125,18
DA:126,24
LF:3
LH:3
end_of_record
SF:lib/core/errors/custom_exception.dart
DA:9,52
DA:11,4
DA:12,4
DA:17,38
DA:22,14
DA:27,5
DA:32,12
DA:40,2
DA:43,2
DA:44,2
DA:46,2
DA:47,2
DA:48,2
DA:61,2
DA:65,2
DA:66,2
DA:68,2
DA:70,2
DA:71,2
DA:80,12
DA:81,0
LF:21
LH:20
end_of_record
SF:lib/core/constants/app_constants.dart
DA:6,0
LF:1
LH:0
end_of_record
SF:lib/core/utils/app_logger.dart
DA:9,0
DA:23,3
DA:29,9
DA:31,9
DA:34,9
DA:48,4
DA:50,12
DA:62,3
DA:64,9
DA:77,4
DA:79,12
LF:11
LH:10
end_of_record
SF:lib/features/beneficiary/domain/entities/beneficiary.dart
DA:11,10
DA:20,8
DA:28,8
DA:29,8
DA:30,8
DA:31,8
DA:32,3
DA:33,7
DA:34,6
DA:38,1
DA:39,1
DA:40,1
DA:41,1
DA:42,1
DA:43,1
DA:44,2
DA:45,1
DA:49,1
DA:50,1
DA:51,1
DA:52,1
DA:53,1
DA:55,2
DA:56,2
DA:57,1
DA:61,2
DA:62,2
DA:63,2
DA:64,2
DA:65,2
DA:66,2
DA:67,2
DA:68,2
LF:33
LH:33
end_of_record
SF:lib/features/topup/domain/usecases/perform_topup_usecase.dart
DA:26,1
DA:28,1
DA:34,1
DA:39,3
DA:42,2
DA:45,2
DA:46,1
DA:47,4
DA:48,0
DA:52,1
DA:53,2
DA:59,2
DA:62,2
DA:63,1
DA:64,2
DA:66,1
DA:68,1
DA:73,2
DA:74,1
DA:76,1
DA:77,1
DA:78,2
DA:80,1
DA:83,1
DA:88,2
DA:89,1
DA:91,1
DA:92,1
DA:93,2
DA:95,1
DA:98,1
DA:103,1
DA:104,2
DA:105,1
DA:110,1
DA:111,2
DA:112,2
DA:114,2
DA:115,3
DA:119,2
DA:120,1
DA:123,1
DA:124,2
LF:43
LH:42
end_of_record
SF:lib/features/user/domain/entities/user.dart
DA:13,12
DA:22,4
DA:23,4
DA:24,4
DA:27,4
DA:30,1
DA:31,6
DA:33,10
DA:41,10
DA:42,10
DA:43,10
DA:44,5
DA:45,9
DA:46,10
DA:47,9
DA:51,3
DA:52,3
DA:53,3
DA:54,3
DA:55,3
DA:56,3
DA:57,3
DA:58,6
DA:62,3
DA:63,3
DA:64,3
DA:65,3
DA:66,6
DA:67,3
DA:68,6
DA:69,6
DA:73,3
DA:74,3
DA:75,3
DA:76,3
DA:77,3
DA:78,3
DA:79,3
DA:80,3
LF:39
LH:39
end_of_record
SF:lib/core/constants/app_text_styles.dart
DA:8,0
DA:11,2
DA:17,2
DA:26,0
DA:31,0
DA:36,2
DA:41,0
DA:47,0
DA:52,2
DA:57,2
DA:62,0
DA:68,2
DA:73,0
DA:78,2
DA:84,0
DA:90,2
DA:95,0
DA:101,2
DA:104,1
DA:107,4
DA:110,2
DA:114,0
DA:121,0
DA:122,0
DA:125,0
DA:126,0
DA:129,0
DA:130,0
LF:28
LH:12
end_of_record
SF:lib/core/constants/color_palette.dart
DA:6,0
DA:10,0
DA:11,3
DA:12,0
DA:13,0
DA:19,3
DA:20,3
DA:24,0
DA:25,0
DA:26,0
DA:36,0
DA:37,0
DA:38,3
DA:39,0
DA:40,0
DA:41,0
DA:42,6
DA:43,0
LF:18
LH:5
end_of_record
SF:lib/core/utils/progress_color.dart
DA:8,2
DA:9,2
DA:10,0
LF:3
LH:2
end_of_record
SF:lib/features/user/presentation/widgets/user_info_card.dart
DA:12,1
DA:17,1
DA:19,1
DA:20,1
DA:21,3
DA:22,1
DA:23,1
DA:24,1
DA:26,1
DA:29,1
DA:31,1
DA:33,1
DA:34,1
DA:36,1
DA:37,1
DA:38,1
DA:40,1
DA:41,1
DA:42,1
DA:43,1
DA:44,2
DA:45,1
DA:49,2
DA:50,1
DA:61,1
DA:64,1
DA:65,1
DA:69,1
DA:72,1
DA:73,3
DA:74,1
DA:82,1
DA:84,1
DA:85,1
DA:87,1
DA:88,1
DA:90,2
DA:91,1
DA:94,1
DA:96,2
DA:98,1
DA:103,1
DA:105,1
DA:106,1
DA:110,1
DA:113,1
DA:114,4
DA:115,1
DA:117,1
DA:121,1
DA:124,1
DA:125,3
DA:126,1
DA:133,1
DA:134,1
DA:135,1
DA:136,2
DA:139,1
DA:140,3
DA:145,1
DA:146,1
DA:147,1
DA:149,2
DA:151,1
DA:155,1
DA:161,1
DA:162,3
DA:163,2
LF:68
LH:68
end_of_record
SF:lib/core/utils/error_helper.dart
DA:8,0
DA:24,4
DA:25,4
DA:26,4
DA:30,3
DA:31,6
DA:37,1
DA:42,1
LF:8
LH:7
end_of_record
SF:lib/features/beneficiary/presentation/bloc/beneficiary_event.dart
DA:4,2
DA:6,1
DA:7,1
DA:11,2
DA:18,2
DA:23,1
DA:24,3
DA:30,2
DA:32,1
DA:33,2
DA:40,2
DA:45,1
DA:46,3
DA:53,2
DA:58,1
DA:59,3
DA:65,2
DA:67,1
DA:68,2
DA:72,2
LF:20
LH:20
end_of_record
SF:lib/features/beneficiary/domain/usecases/add_beneficiary_usecase.dart
DA:11,1
DA:13,1
DA:18,2
DA:21,2
DA:26,1
DA:31,2
DA:33,4
DA:36,1
DA:37,3
DA:45,2
DA:47,1
DA:48,3
DA:51,1
DA:52,2
DA:53,3
DA:59,2
DA:62,1
DA:64,2
DA:66,1
DA:67,2
DA:68,1
DA:69,2
LF:22
LH:22
end_of_record
SF:lib/features/beneficiary/domain/usecases/delete_beneficiary_usecase.dart
DA:6,1
DA:8,1
DA:9,2
LF:3
LH:3
end_of_record
SF:lib/features/beneficiary/domain/usecases/get_beneficiaries_usecase.dart
DA:7,1
DA:9,1
DA:10,2
DA:13,1
DA:15,2
DA:16,2
DA:18,1
DA:20,4
DA:24,1
DA:27,2
LF:10
LH:10
end_of_record
SF:lib/features/beneficiary/domain/usecases/toggle_beneficiary_status_usecase.dart
DA:11,1
DA:13,1
DA:17,2
DA:18,1
DA:19,3
DA:20,1
DA:25,4
DA:28,1
DA:29,3
DA:34,1
DA:35,1
DA:36,2
DA:43,1
DA:44,2
LF:14
LH:14
end_of_record
SF:lib/features/beneficiary/domain/usecases/update_beneficiary_monthly_amount_usecase.dart
DA:8,0
DA:10,0
DA:11,0
LF:3
LH:0
end_of_record
SF:lib/features/beneficiary/presentation/bloc/beneficiary_bloc.dart
DA:21,1
DA:27,1
DA:28,2
DA:29,2
DA:30,2
DA:31,2
DA:32,2
DA:33,2
DA:34,2
DA:37,1
DA:41,3
DA:42,1
DA:45,2
DA:46,3
DA:47,3
DA:52,1
DA:53,1
DA:54,3
DA:56,2
DA:61,1
DA:65,3
DA:66,4
DA:69,2
DA:70,1
DA:71,1
DA:74,2
DA:76,1
DA:80,1
DA:81,3
DA:84,3
DA:90,1
DA:91,1
DA:92,3
DA:99,1
DA:103,3
DA:104,3
DA:107,3
DA:108,2
DA:110,3
DA:111,3
DA:117,0
DA:118,0
DA:119,0
DA:121,0
DA:123,0
DA:129,1
DA:133,3
DA:134,1
DA:135,3
DA:139,2
DA:140,1
DA:141,1
DA:144,2
DA:146,1
DA:147,4
DA:150,1
DA:151,3
DA:154,3
DA:157,1
DA:162,0
DA:163,0
DA:164,0
DA:171,1
DA:175,1
DA:176,3
DA:180,2
DA:181,1
DA:182,1
DA:185,2
DA:187,3
DA:192,0
DA:193,0
DA:194,0
DA:201,1
DA:205,3
DA:208,2
DA:209,3
DA:210,3
DA:213,1
DA:216,0
DA:217,0
DA:218,0
DA:220,0
DA:225,1
DA:229,3
LF:85
LH:70
end_of_record
SF:lib/features/beneficiary/presentation/bloc/beneficiary_state.dart
DA:17,14
DA:24,1
DA:30,1
DA:31,1
DA:32,1
DA:38,0
DA:39,0
DA:41,0
DA:42,0
DA:44,0
DA:46,0
DA:48,0
DA:51,1
DA:52,1
DA:53,1
DA:54,1
DA:55,1
DA:56,1
LF:18
LH:11
end_of_record
SF:lib/features/topup/domain/usecases/check_topup_eligibility_usecase.dart
DA:15,1
DA:20,1
DA:25,2
DA:26,2
DA:27,1
DA:28,4
DA:29,0
DA:32,1
DA:33,1
DA:34,2
DA:35,2
DA:36,2
DA:37,2
DA:38,2
LF:14
LH:13
end_of_record
SF:lib/features/topup/presentation/bloc/topup_event.dart
DA:7,4
DA:9,1
DA:10,1
DA:19,2
DA:26,1
DA:27,5
DA:31,2
DA:35,2
LF:8
LH:8
end_of_record
SF:lib/features/topup/presentation/bloc/topup_bloc.dart
DA:20,0
DA:22,1
DA:26,1
DA:27,2
DA:28,2
DA:29,2
DA:32,1
DA:36,3
DA:37,1
DA:38,6
DA:42,2
DA:43,1
DA:44,1
DA:45,1
DA:48,1
DA:49,4
DA:52,3
DA:54,1
DA:56,5
DA:60,1
DA:61,1
DA:62,3
DA:64,2
DA:70,1
DA:75,2
DA:82,1
DA:86,3
DA:87,1
DA:90,2
DA:91,3
DA:92,3
DA:97,1
DA:98,1
DA:99,3
DA:101,2
DA:106,1
DA:110,3
LF:37
LH:36
end_of_record
SF:lib/features/topup/presentation/bloc/topup_state.dart
DA:17,6
DA:24,1
DA:30,1
DA:31,1
DA:32,1
DA:38,1
DA:39,1
DA:40,1
DA:41,1
DA:42,1
DA:43,1
LF:11
LH:11
end_of_record
SF:lib/features/topup/domain/entities/topup_option.dart
DA:14,2
DA:17,1
DA:18,4
DA:20,1
DA:21,2
LF:5
LH:5
end_of_record
SF:lib/features/user/data/datasources/user_local_data_source.dart
DA:10,1
DA:12,1
DA:13,2
DA:15,2
DA:19,1
DA:20,2
DA:22,2
DA:27,1
DA:28,2
LF:9
LH:9
end_of_record
SF:lib/features/user/domain/usecases/get_user_usecase.dart
DA:7,1
DA:9,1
DA:10,2
DA:13,3
DA:14,1
DA:15,2
DA:16,3
DA:20,2
DA:21,1
LF:9
LH:9
end_of_record
SF:lib/features/user/domain/usecases/update_user_usecase.dart
DA:7,1
DA:9,1
DA:10,2
LF:3
LH:3
end_of_record
SF:lib/features/user/presentation/bloc/user_bloc.dart
DA:15,1
DA:18,1
DA:19,2
DA:20,2
DA:21,2
DA:24,1
DA:28,3
DA:29,1
DA:32,2
DA:33,3
DA:34,3
DA:39,1
DA:40,1
DA:41,3
DA:43,2
DA:48,1
DA:52,2
DA:53,1
DA:57,1
DA:58,3
DA:62,3
DA:63,1
DA:64,5
DA:67,2
DA:69,1
DA:70,3
DA:75,1
DA:76,1
DA:77,3
DA:84,1
DA:88,3
DA:91,2
DA:92,1
DA:93,3
DA:96,1
DA:99,1
DA:100,1
DA:101,3
DA:103,2
LF:39
LH:39
end_of_record
SF:lib/features/user/presentation/bloc/user_event.dart
DA:4,2
DA:6,1
DA:7,1
DA:11,2
DA:18,2
DA:23,1
DA:24,3
DA:30,2
DA:32,1
DA:33,2
LF:10
LH:10
end_of_record
SF:lib/features/user/presentation/bloc/user_state.dart
DA:17,6
DA:24,1
DA:30,1
DA:31,0
DA:32,1
DA:38,1
DA:39,5
LF:7
LH:6
end_of_record
SF:lib/data/datasources/mock_http_client.dart
DA:13,1
DA:14,1
DA:15,3
DA:16,2
DA:20,1
DA:21,3
DA:22,0
DA:27,1
DA:28,1
DA:29,1
DA:32,1
DA:33,1
DA:39,1
DA:40,2
DA:41,3
DA:43,1
DA:45,0
DA:46,0
DA:47,0
DA:51,0
DA:52,0
DA:56,0
DA:60,0
DA:61,0
DA:63,0
DA:65,0
DA:66,0
DA:67,0
DA:68,0
DA:69,0
DA:71,0
DA:76,0
DA:77,0
DA:81,1
DA:85,1
DA:86,1
DA:91,0
DA:92,0
DA:93,0
LF:39
LH:18
end_of_record
SF:lib/features/user/data/repositories/user_repository_impl.dart
DA:10,1
DA:15,1
DA:18,2
DA:26,2
DA:27,1
DA:28,2
DA:36,1
DA:39,2
DA:42,3
DA:43,1
DA:45,2
LF:11
LH:11
end_of_record
SF:lib/features/beneficiary/data/datasources/beneficiary_local_data_source.dart
DA:10,1
DA:12,1
DA:13,4
DA:14,2
DA:16,1
DA:20,1
DA:21,2
DA:23,1
DA:25,3
DA:26,1
DA:31,1
DA:32,2
LF:12
LH:12
end_of_record
SF:lib/features/beneficiary/presentation/widgets/beneficiary_card.dart
DA:28,1
DA:38,1
DA:39,1
DA:43,1
DA:46,1
DA:47,1
DA:49,1
DA:50,1
DA:51,6
DA:52,0
DA:56,1
DA:57,1
DA:58,1
DA:59,1
DA:60,1
DA:62,1
DA:63,1
DA:64,2
DA:65,0
DA:66,3
DA:68,4
DA:70,1
DA:74,1
DA:77,0
DA:78,1
DA:79,1
DA:80,1
DA:81,1
DA:83,1
DA:84,1
DA:85,1
DA:87,2
DA:91,1
DA:92,1
DA:95,1
DA:96,1
DA:99,1
DA:100,1
DA:103,1
DA:104,1
DA:105,1
DA:106,2
DA:108,2
DA:109,0
DA:113,1
DA:114,1
DA:115,2
DA:116,2
DA:117,0
DA:118,1
DA:123,2
DA:124,0
DA:126,0
DA:127,0
DA:129,0
DA:131,0
DA:135,0
DA:136,0
DA:138,0
DA:144,1
DA:146,1
DA:148,1
DA:150,1
DA:151,1
DA:155,2
DA:162,3
DA:164,1
DA:165,1
DA:186,0
DA:187,0
DA:188,0
DA:189,0
DA:190,0
DA:191,0
DA:198,0
DA:201,0
DA:205,0
DA:207,0
DA:208,0
DA:214,0
DA:215,0
DA:216,0
DA:217,0
DA:218,0
DA:227,0
DA:228,0
DA:229,0
DA:230,0
DA:231,0
DA:232,0
DA:235,0
DA:238,0
DA:240,0
DA:241,0
DA:245,0
DA:246,0
DA:247,0
DA:248,0
DA:265,1
DA:271,1
DA:272,2
DA:273,2
DA:274,1
DA:275,0
DA:276,1
DA:277,1
DA:278,0
DA:279,0
DA:280,1
DA:281,1
DA:283,1
DA:284,7
DA:285,2
DA:293,1
DA:295,3
DA:296,1
DA:298,1
DA:301,1
DA:303,0
DA:304,0
DA:307,2
DA:308,0
DA:319,1
DA:324,1
DA:326,6
DA:327,1
DA:328,2
DA:329,1
DA:330,1
DA:332,1
DA:335,1
DA:336,1
DA:337,1
DA:338,1
DA:342,1
DA:346,1
DA:348,1
DA:349,1
DA:351,2
DA:356,1
DA:357,2
DA:358,2
DA:359,2
DA:361,2
LF:144
LH:95
end_of_record
SF:lib/core/widgets/common_dialog.dart
DA:39,0
DA:53,0
DA:55,0
DA:56,0
DA:57,0
DA:58,0
DA:59,0
DA:60,0
DA:62,0
DA:63,0
DA:64,0
DA:66,0
DA:70,0
DA:71,0
DA:72,0
DA:74,0
DA:75,0
DA:76,0
DA:77,0
DA:78,0
DA:79,0
DA:80,0
DA:86,0
DA:87,0
DA:88,0
DA:89,0
DA:91,0
DA:92,0
DA:93,0
DA:94,0
DA:103,0
DA:105,0
DA:106,0
DA:107,0
DA:108,0
DA:109,0
DA:112,0
DA:113,0
DA:116,0
DA:117,0
DA:118,0
DA:121,0
DA:122,0
DA:125,0
DA:126,0
DA:127,0
DA:130,0
DA:131,0
DA:134,0
DA:135,0
DA:136,0
DA:160,0
DA:163,0
DA:173,0
DA:175,0
DA:177,0
DA:180,0
DA:181,0
DA:188,0
DA:197,0
DA:199,0
DA:201,0
DA:204,0
DA:205,0
DA:212,0
DA:221,0
DA:223,0
DA:225,0
DA:228,0
DA:229,0
DA:238,0
DA:243,0
DA:245,0
DA:253,0
DA:261,0
DA:263,0
DA:268,0
LF:77
LH:0
end_of_record
SF:lib/core/widgets/common_icon_button.dart
DA:31,0
DA:44,0
DA:56,0
DA:67,0
DA:69,0
DA:70,0
DA:71,0
DA:72,0
DA:75,0
DA:77,0
DA:78,0
DA:79,0
DA:82,0
DA:85,0
DA:90,0
DA:91,0
DA:92,0
DA:93,0
DA:116,0
DA:119,0
DA:130,0
DA:131,0
DA:141,0
DA:153,0
DA:161,0
LF:25
LH:0
end_of_record
SF:lib/core/widgets/status_badge.dart
DA:33,1
DA:45,1
DA:47,1
DA:48,1
DA:49,1
DA:50,1
DA:51,1
DA:54,1
DA:55,1
DA:56,1
DA:57,1
DA:58,1
DA:59,1
DA:61,1
DA:62,1
DA:63,1
DA:65,2
DA:66,1
DA:68,1
DA:71,1
DA:73,1
DA:74,1
DA:75,1
DA:76,1
DA:79,2
DA:80,1
DA:81,1
DA:82,1
DA:84,3
DA:92,0
DA:94,0
LF:31
LH:29
end_of_record
